TN:
SF:src/services/docProcessor.js
FN:11,convertDocxToText
FN:27,computeDiff
FN:39,processDocuments
FNF:3
FNH:3
FNDA:6,convertDocxToText
FNDA:6,computeDiff
FNDA:3,processDocuments
DA:1,1
DA:2,1
DA:4,1
DA:12,6
DA:13,6
DA:14,6
DA:16,0
DA:17,0
DA:28,6
DA:29,6
DA:30,6
DA:41,3
DA:47,3
DA:50,3
DA:51,3
DA:52,3
DA:53,3
DA:55,3
DA:56,9
DA:58,5
DA:59,5
DA:60,5
DA:61,5
DA:63,2
DA:64,2
DA:65,2
DA:66,2
DA:68,2
DA:69,2
DA:70,2
DA:71,1
DA:72,1
DA:73,1
DA:75,2
DA:76,2
DA:80,3
DA:87,1
LF:37
LH:35
BRDA:56,0,0,5
BRDA:56,0,1,2
BRDA:56,0,2,2
BRDA:70,1,0,1
BRDA:70,1,1,1
BRF:5
BRH:5
end_of_record
